<?xml version="1.0" encoding="UTF-8"?>
<!-- Generated by org.testng.reporters.JUnitReportReporter -->
<testsuite hostname="DESKTOP-I0D982S" failures="1" tests="3" name="cucumberOptions.TestRunner" time="342.162" errors="0" timestamp="2023-06-24T17:01:03 IST" skipped="0">
  <testcase classname="cucumberOptions.TestRunner" name="runScenario" time="114.223"/>
  <system-out/>
  <testcase classname="cucumberOptions.TestRunner" name="runScenario" time="113.055"/>
  <system-out/>
  <testcase classname="cucumberOptions.TestRunner" name="runScenario" time="114.884">
    <failure message="expected [Beetroot] but found [No data]" type="java.lang.AssertionError">
      <![CDATA[java.lang.AssertionError: expected [Beetroot] but found [No data]
at org.testng.Assert.fail(Assert.java:110)
at org.testng.Assert.failNotEquals(Assert.java:1577)
at org.testng.Assert.assertEqualsImpl(Assert.java:149)
at org.testng.Assert.assertEquals(Assert.java:131)
at org.testng.Assert.assertEquals(Assert.java:655)
at org.testng.Assert.assertEquals(Assert.java:665)
at stepDefinitions.OfferPageStepDefination.Validate_product_name_in_offers_page_matches_with_Landing_page(OfferPageStepDefination.java:36)
at âœ½.Validate product name in offers page matches with Landing page(file:///D:/New%20folder/CucumberSeleniumWebsite/src/test/java/features/searchProduct.feature:8)
]]>
    </failure>
  </testcase> <!-- runScenario -->
  <system-out/>
</testsuite> <!-- cucumberOptions.TestRunner -->
